gradleBuild/outputs/logs/manifest-merger-debug-report.txt
-- Merging decision tree log ---
manifest
ADDED from android/android/AndroidManifest.xml:18:1-56:12
MERGED from [org.tensorflow:tensorflow-android:1.9.0] AndroidManifest.xml:2:1-8:12
	package
		ADDED from android/android/AndroidManifest.xml:19:5-34
	xmlns:android
		ADDED from android/android/AndroidManifest.xml:18:11-69
uses-permission#android.permission.CAMERA
ADDED from android/android/AndroidManifest.xml:21:5-65
	android:name
		ADDED from android/android/AndroidManifest.xml:21:22-62
uses-feature#android.hardware.camera
ADDED from android/android/AndroidManifest.xml:22:5-60
	android:name
		ADDED from android/android/AndroidManifest.xml:22:19-57
uses-feature#android.hardware.camera.autofocus
ADDED from android/android/AndroidManifest.xml:23:5-70
	android:name
		ADDED from android/android/AndroidManifest.xml:23:19-67
uses-permission#android.permission.WRITE_EXTERNAL_STORAGE
ADDED from android/android/AndroidManifest.xml:24:5-80
	android:name
		ADDED from android/android/AndroidManifest.xml:24:22-78
uses-permission#android.permission.RECORD_AUDIO
ADDED from android/android/AndroidManifest.xml:25:5-71
	android:name
		ADDED from android/android/AndroidManifest.xml:25:22-68
uses-permission#android.permission.INTERNET
ADDED from android/android/AndroidManifest.xml:27:5-67
	android:name
		ADDED from android/android/AndroidManifest.xml:27:22-64
uses-permission#android.permission.ACCESS_NETWORK_STATE
ADDED from android/android/AndroidManifest.xml:28:5-79
	android:name
		ADDED from android/android/AndroidManifest.xml:28:22-76
uses-permission#android.permission.ACCESS_WIFI_STATE
ADDED from android/android/AndroidManifest.xml:29:5-76
	android:name
		ADDED from android/android/AndroidManifest.xml:29:22-73
uses-sdk
ADDED from android/android/AndroidManifest.xml:30:5-32:41
	android:targetSdkVersion
		ADDED from android/android/AndroidManifest.xml:32:9-38
	android:minSdkVersion
		ADDED from android/android/AndroidManifest.xml:31:9-35
application
ADDED from android/android/AndroidManifest.xml:34:5-54:19
MERGED from [org.tensorflow:tensorflow-android:1.9.0] AndroidManifest.xml:5:5-6:19
MERGED from [org.tensorflow:tensorflow-android:1.9.0] AndroidManifest.xml:5:5-6:19
	android:label
		ADDED from android/android/AndroidManifest.xml:36:9-45
	android:debuggable
		ADDED from android/android/AndroidManifest.xml:35:9-34
	android:icon
		ADDED from android/android/AndroidManifest.xml:37:9-45
	android:allowBackup
		ADDED from android/android/AndroidManifest.xml:34:18-44
	android:theme
		ADDED from android/android/AndroidManifest.xml:38:9-45
activity#org.tensorflow.demo.ClassifierActivity
ADDED from android/android/AndroidManifest.xml:40:9-48:20
	android:screenOrientation
		ADDED from android/android/AndroidManifest.xml:41:19-55
	android:label
		ADDED from android/android/AndroidManifest.xml:42:19-55
	android:name
		ADDED from android/android/AndroidManifest.xml:40:19-72
intent-filter#android.intent.action.MAIN+android.intent.category.LAUNCHER+android.intent.category.LEANBACK_LAUNCHER
ADDED from android/android/AndroidManifest.xml:43:13-47:29
action#android.intent.action.MAIN
ADDED from android/android/AndroidManifest.xml:44:17-69
	android:name
		ADDED from android/android/AndroidManifest.xml:44:25-66
category#android.intent.category.LAUNCHER
ADDED from android/android/AndroidManifest.xml:45:17-77
	android:name
		ADDED from android/android/AndroidManifest.xml:45:27-74
category#android.intent.category.LEANBACK_LAUNCHER
ADDED from android/android/AndroidManifest.xml:46:17-86
	android:name
		ADDED from android/android/AndroidManifest.xml:46:27-83
uses-permission#android.permission.READ_PHONE_STATE
IMPLIED from android/android/AndroidManifest.xml:18:1-56:12 reason: tensorflow.contrib.android has a targetSdkVersion < 4
uses-permission#android.permission.READ_EXTERNAL_STORAGE
IMPLIED from android/android/AndroidManifest.xml:18:1-56:12 reason: tensorflow.contrib.android requested WRITE_EXTERNAL_STORAGE